<?xml version="1.0" encoding="UTF-8"?>
<!-- Generated by org.testng.reporters.JUnitReportReporter -->
<testsuite hostname="DESKTOP-S2DLNEQ" failures="0" tests="5" name="testpkgpro.Testpro" time="100.947" errors="0" timestamp="2023-11-02T15:47:12 IST" skipped="0">
  <testcase classname="testpkgpro.Testpro" name="scroll" time="14.496"/>
  <system-out/>
  <testcase classname="testpkgpro.Testpro" name="upload" time="5.412"/>
  <system-out/>
  <testcase classname="testpkgpro.Testpro" name="scrnshot" time="1.959"/>
  <system-out/>
  <testcase classname="testpkgpro.Testpro" name="registerdatadriven" time="68.502"/>
  <system-out/>
  <testcase classname="testpkgpro.Testpro" name="srch" time="10.578"/>
  <system-out/>
</testsuite> <!-- testpkgpro.Testpro -->
